<?xml version="1.0" encoding="UTF-8"?>
<testsuite xmlns:xsi="http://www.w3.org/2001/XMLSchema-instance" xsi:noNamespaceSchemaLocation="https://maven.apache.org/surefire/maven-surefire-plugin/xsd/surefire-test-report-3.0.xsd" version="3.0" name="com.shopapi.shop.ShopApplicationTests" time="13.635" tests="1" errors="0" skipped="0" failures="0">
  <properties>
[...]
</properties>
  <testcase name="contextLoads" classname="com.shopapi.shop.ShopApplicationTests" time="0.973">
    <system-out><![CDATA[23:55:42.051 [main] INFO org.springframework.test.context.support.AnnotationConfigContextLoaderUtils -- Could not detect default configuration classes for test class [com.shopapi.shop.ShopApplicationTests]: ShopApplicationTests does not declare any static, non-private, non-final, nested classes annotated with @Configuration.
23:55:42.360 [main] INFO org.springframework.boot.test.context.SpringBootTestContextBootstrapper -- Found @SpringBootConfiguration com.shopapi.shop.ShopApplication for test class com.shopapi.shop.ShopApplicationTests
23:55:42.788 [main] INFO org.springframework.boot.devtools.restart.RestartApplicationListener -- Restart disabled due to context in which it is running

  .   ____          _            __ _ _
 /\\ / ___'_ __ _ _(_)_ __  __ _ \ \ \ \
( ( )\___ | '_ | '_| | '_ \/ _` | \ \ \ \
 \\/  ___)| |_)| | | | | || (_| |  ) ) ) )
  '  |____| .__|_| |_|_| |_\__, | / / / /
 =========|_|==============|___/=/_/_/_/

 :: Spring Boot ::                (v3.3.5)

2024-12-14T23:55:43.552+03:00  INFO 12324 --- [           main] com.shopapi.shop.ShopApplicationTests    : Starting ShopApplicationTests using Java 23 with PID 12324 (started by valya in C:\Users\valya\IdeaProjects\SpringProjects\ShopAPI)
2024-12-14T23:55:43.555+03:00  INFO 12324 --- [           main] com.shopapi.shop.ShopApplicationTests    : No active profile set, falling back to 1 default profile: "default"
2024-12-14T23:55:45.235+03:00  INFO 12324 --- [           main] .s.d.r.c.RepositoryConfigurationDelegate : Bootstrapping Spring Data JPA repositories in DEFAULT mode.
2024-12-14T23:55:45.435+03:00  INFO 12324 --- [           main] .s.d.r.c.RepositoryConfigurationDelegate : Finished Spring Data repository scanning in 181 ms. Found 11 JPA repository interfaces.
2024-12-14T23:55:46.505+03:00  INFO 12324 --- [           main] o.hibernate.jpa.internal.util.LogHelper  : HHH000204: Processing PersistenceUnitInfo [name: default]
2024-12-14T23:55:46.663+03:00  INFO 12324 --- [           main] org.hibernate.Version                    : HHH000412: Hibernate ORM core version 6.5.3.Final
2024-12-14T23:55:46.741+03:00  INFO 12324 --- [           main] o.h.c.internal.RegionFactoryInitiator    : HHH000026: Second-level cache disabled
2024-12-14T23:55:47.033+03:00  INFO 12324 --- [           main] com.zaxxer.hikari.HikariDataSource       : HikariPool-1 - Starting...
2024-12-14T23:55:47.498+03:00  INFO 12324 --- [           main] com.zaxxer.hikari.pool.HikariPool        : HikariPool-1 - Added connection org.postgresql.jdbc.PgConnection@267ff4df
2024-12-14T23:55:47.502+03:00  INFO 12324 --- [           main] com.zaxxer.hikari.HikariDataSource       : HikariPool-1 - Start completed.
2024-12-14T23:55:47.624+03:00  WARN 12324 --- [           main] org.hibernate.orm.deprecation            : HHH90000025: PostgreSQLDialect does not need to be specified explicitly using 'hibernate.dialect' (remove the property setting and it will be selected by default)
2024-12-14T23:55:48.354+03:00  INFO 12324 --- [           main] o.s.o.j.p.SpringPersistenceUnitInfo      : No LoadTimeWeaver setup: ignoring JPA class transformer
2024-12-14T23:55:50.563+03:00  INFO 12324 --- [           main] o.h.e.t.j.p.i.JtaPlatformInitiator       : HHH000489: No JTA platform available (set 'hibernate.transaction.jta.platform' to enable JTA platform integration)
2024-12-14T23:55:51.020+03:00  INFO 12324 --- [           main] j.LocalContainerEntityManagerFactoryBean : Initialized JPA EntityManagerFactory for persistence unit 'default'
2024-12-14T23:55:51.795+03:00  INFO 12324 --- [           main] o.s.d.j.r.query.QueryEnhancerFactory     : Hibernate is in classpath; If applicable, HQL parser will be used.
2024-12-14T23:55:53.424+03:00  WARN 12324 --- [           main] JpaBaseConfiguration$JpaWebConfiguration : spring.jpa.open-in-view is enabled by default. Therefore, database queries may be performed during view rendering. Explicitly configure spring.jpa.open-in-view to disable this warning
2024-12-14T23:55:53.474+03:00  INFO 12324 --- [           main] o.s.b.a.w.s.WelcomePageHandlerMapping    : Adding welcome page: class path resource [static/index.html]
2024-12-14T23:55:54.252+03:00  INFO 12324 --- [           main] com.shopapi.shop.ShopApplicationTests    : Started ShopApplicationTests in 11.494 seconds (process running for 13.976)
]]></system-out>
    <system-err><![CDATA[WARNING: A Java agent has been loaded dynamically (C:\Users\valya\.m2\repository\net\bytebuddy\byte-buddy-agent\1.14.19\byte-buddy-agent-1.14.19.jar)
WARNING: If a serviceability tool is in use, please run with -XX:+EnableDynamicAgentLoading to hide this warning
WARNING: If a serviceability tool is not in use, please run with -Djdk.instrument.traceUsage for more information
WARNING: Dynamic loading of agents will be disallowed by default in a future release
]]></system-err>
  </testcase>
</testsuite>