<?xml version="1.0" encoding="UTF-8"?>
<testsuite xmlns:xsi="http://www.w3.org/2001/XMLSchema-instance" xsi:noNamespaceSchemaLocation="https://maven.apache.org/surefire/maven-surefire-plugin/xsd/surefire-test-report-3.0.xsd" version="3.0" name="com.shopapi.shop.ShopApplicationTests" time="13.441" tests="1" errors="0" skipped="0" failures="0">
  <properties>
[...]
</properties>
  <testcase name="contextLoads" classname="com.shopapi.shop.ShopApplicationTests" time="0.94">
    <system-out><![CDATA[20:22:17.535 [main] INFO org.springframework.test.context.support.AnnotationConfigContextLoaderUtils -- Could not detect default configuration classes for test class [com.shopapi.shop.ShopApplicationTests]: ShopApplicationTests does not declare any static, non-private, non-final, nested classes annotated with @Configuration.
20:22:17.853 [main] INFO org.springframework.boot.test.context.SpringBootTestContextBootstrapper -- Found @SpringBootConfiguration com.shopapi.shop.ShopApplication for test class com.shopapi.shop.ShopApplicationTests
20:22:18.259 [main] INFO org.springframework.boot.devtools.restart.RestartApplicationListener -- Restart disabled due to context in which it is running

  .   ____          _            __ _ _
 /\\ / ___'_ __ _ _(_)_ __  __ _ \ \ \ \
( ( )\___ | '_ | '_| | '_ \/ _` | \ \ \ \
 \\/  ___)| |_)| | | | | || (_| |  ) ) ) )
  '  |____| .__|_| |_|_| |_\__, | / / / /
 =========|_|==============|___/=/_/_/_/

 :: Spring Boot ::                (v3.3.5)

2024-12-10T20:22:19.034+03:00  INFO 12800 --- [           main] com.shopapi.shop.ShopApplicationTests    : Starting ShopApplicationTests using Java 23 with PID 12800 (started by valya in C:\Users\valya\IdeaProjects\SpringProjects\ShopAPI)
2024-12-10T20:22:19.034+03:00  INFO 12800 --- [           main] com.shopapi.shop.ShopApplicationTests    : No active profile set, falling back to 1 default profile: "default"
2024-12-10T20:22:20.705+03:00  INFO 12800 --- [           main] .s.d.r.c.RepositoryConfigurationDelegate : Bootstrapping Spring Data JPA repositories in DEFAULT mode.
2024-12-10T20:22:20.926+03:00  INFO 12800 --- [           main] .s.d.r.c.RepositoryConfigurationDelegate : Finished Spring Data repository scanning in 198 ms. Found 10 JPA repository interfaces.
2024-12-10T20:22:21.974+03:00  INFO 12800 --- [           main] o.hibernate.jpa.internal.util.LogHelper  : HHH000204: Processing PersistenceUnitInfo [name: default]
2024-12-10T20:22:22.131+03:00  INFO 12800 --- [           main] org.hibernate.Version                    : HHH000412: Hibernate ORM core version 6.5.3.Final
2024-12-10T20:22:22.210+03:00  INFO 12800 --- [           main] o.h.c.internal.RegionFactoryInitiator    : HHH000026: Second-level cache disabled
2024-12-10T20:22:22.978+03:00  INFO 12800 --- [           main] o.s.o.j.p.SpringPersistenceUnitInfo      : No LoadTimeWeaver setup: ignoring JPA class transformer
2024-12-10T20:22:23.057+03:00  INFO 12800 --- [           main] com.zaxxer.hikari.HikariDataSource       : HikariPool-1 - Starting...
2024-12-10T20:22:23.607+03:00  INFO 12800 --- [           main] com.zaxxer.hikari.pool.HikariPool        : HikariPool-1 - Added connection org.postgresql.jdbc.PgConnection@5086623f
2024-12-10T20:22:23.607+03:00  INFO 12800 --- [           main] com.zaxxer.hikari.HikariDataSource       : HikariPool-1 - Start completed.
2024-12-10T20:22:23.701+03:00  WARN 12800 --- [           main] org.hibernate.orm.deprecation            : HHH90000025: PostgreSQLDialect does not need to be specified explicitly using 'hibernate.dialect' (remove the property setting and it will be selected by default)
2024-12-10T20:22:26.094+03:00  INFO 12800 --- [           main] o.h.e.t.j.p.i.JtaPlatformInitiator       : HHH000489: No JTA platform available (set 'hibernate.transaction.jta.platform' to enable JTA platform integration)
Hibernate: 
    alter table if exists answers 
       drop constraint if exists FK3erw1a3t0r78st8ty27x6v3g1
Hibernate: 
    alter table if exists answers 
       drop constraint if exists FK5bp3d5loftq2vjn683ephn75a
Hibernate: 
    alter table if exists cart_items 
       drop constraint if exists FKpcttvuq4mxppo8sxggjtn5i2c
Hibernate: 
    alter table if exists cart_items 
       drop constraint if exists FK1re40cjegsfvw58xrkdp6bac6
Hibernate: 
    alter table if exists carts 
       drop constraint if exists FKb5o626f86h46m4s7ms6ginnop
Hibernate: 
    alter table if exists order_item 
       drop constraint if exists FKt4dc2r9nbvbujrljv3e23iibt
Hibernate: 
    alter table if exists order_item 
       drop constraint if exists FKc5uhmwioq5kscilyuchp4w49o
Hibernate: 
    alter table if exists orders 
       drop constraint if exists FK32ql8ubntj5uh44ph9659tiih
Hibernate: 
    alter table if exists questions 
       drop constraint if exists FKdnt39hlm1bcye9ivenccipd5s
Hibernate: 
    alter table if exists questions 
       drop constraint if exists FKjoo8hp6d3gfwctr68dl2iaemj
Hibernate: 
    alter table if exists reviews 
       drop constraint if exists FKpl51cejpw4gy5swfar8br9ngi
Hibernate: 
    alter table if exists reviews 
       drop constraint if exists FKcgy7qjc1r99dp117y9en6lxye
Hibernate: 
    drop table if exists answers cascade
Hibernate: 
    drop table if exists cart_items cascade
Hibernate: 
    drop table if exists carts cascade
Hibernate: 
    drop table if exists order_item cascade
Hibernate: 
    drop table if exists orders cascade
Hibernate: 
    drop table if exists products cascade
Hibernate: 
    drop table if exists promocodes cascade
Hibernate: 
    drop table if exists questions cascade
Hibernate: 
    drop table if exists reviews cascade
Hibernate: 
    drop table if exists users cascade
Hibernate: 
    create table answers (
        date date not null,
        id bigint generated by default as identity,
        question_id bigint not null,
        user_id bigint not null,
        content varchar(255) not null,
        username varchar(255),
        primary key (id)
    )
Hibernate: 
    create table cart_items (
        quantity integer not null,
        cart_id bigint not null,
        id bigint generated by default as identity,
        product_id bigint not null,
        primary key (id)
    )
Hibernate: 
    create table carts (
        total_price numeric(38,2) not null,
        id bigint generated by default as identity,
        user_id bigint not null unique,
        primary key (id)
    )
Hibernate: 
    create table order_item (
        quantity integer,
        id bigint generated by default as identity,
        order_id bigint not null,
        product_id bigint not null,
        primary key (id)
    )
Hibernate: 
    create table orders (
        total_price numeric(38,2) not null,
        id bigint generated by default as identity,
        user_id bigint,
        status varchar(255) not null,
        primary key (id)
    )
Hibernate: 
    create table products (
        last_date date not null,
        old_price numeric(38,2),
        price numeric(38,2) not null,
        stock_quantity integer not null,
        id bigint generated by default as identity,
        description varchar(255),
        name varchar(255) not null,
        primary key (id)
    )
Hibernate: 
    create table promocodes (
        discount_percentage integer not null,
        usage_limit integer,
        used_count integer,
        end_date timestamp(6),
        id bigint generated by default as identity,
        start_date timestamp(6),
        code varchar(255) not null unique,
        primary key (id)
    )
Hibernate: 
    create table questions (
        date date not null,
        id bigint generated by default as identity,
        product_id bigint not null,
        user_id bigint not null,
        content varchar(255) not null,
        username varchar(255),
        primary key (id)
    )
Hibernate: 
    create table reviews (
        date date,
        rating integer not null,
        id bigint generated by default as identity,
        product_id bigint not null,
        user_id bigint not null,
        content varchar(255) not null,
        dignities varchar(255),
        flaws varchar(255),
        username varchar(255),
        primary key (id)
    )
Hibernate: 
    create table users (
        id bigint generated by default as identity,
        email varchar(255) not null unique,
        password varchar(255) not null,
        username varchar(255) not null,
        primary key (id)
    )
Hibernate: 
    alter table if exists answers 
       add constraint FK3erw1a3t0r78st8ty27x6v3g1 
       foreign key (question_id) 
       references questions
Hibernate: 
    alter table if exists answers 
       add constraint FK5bp3d5loftq2vjn683ephn75a 
       foreign key (user_id) 
       references users
Hibernate: 
    alter table if exists cart_items 
       add constraint FKpcttvuq4mxppo8sxggjtn5i2c 
       foreign key (cart_id) 
       references carts
Hibernate: 
    alter table if exists cart_items 
       add constraint FK1re40cjegsfvw58xrkdp6bac6 
       foreign key (product_id) 
       references products
Hibernate: 
    alter table if exists carts 
       add constraint FKb5o626f86h46m4s7ms6ginnop 
       foreign key (user_id) 
       references users
Hibernate: 
    alter table if exists order_item 
       add constraint FKt4dc2r9nbvbujrljv3e23iibt 
       foreign key (order_id) 
       references orders
Hibernate: 
    alter table if exists order_item 
       add constraint FKc5uhmwioq5kscilyuchp4w49o 
       foreign key (product_id) 
       references products
Hibernate: 
    alter table if exists orders 
       add constraint FK32ql8ubntj5uh44ph9659tiih 
       foreign key (user_id) 
       references users
Hibernate: 
    alter table if exists questions 
       add constraint FKdnt39hlm1bcye9ivenccipd5s 
       foreign key (product_id) 
       references products
Hibernate: 
    alter table if exists questions 
       add constraint FKjoo8hp6d3gfwctr68dl2iaemj 
       foreign key (user_id) 
       references users
Hibernate: 
    alter table if exists reviews 
       add constraint FKpl51cejpw4gy5swfar8br9ngi 
       foreign key (product_id) 
       references products
Hibernate: 
    alter table if exists reviews 
       add constraint FKcgy7qjc1r99dp117y9en6lxye 
       foreign key (user_id) 
       references users
2024-12-10T20:22:26.430+03:00  INFO 12800 --- [           main] j.LocalContainerEntityManagerFactoryBean : Initialized JPA EntityManagerFactory for persistence unit 'default'
2024-12-10T20:22:27.199+03:00  INFO 12800 --- [           main] o.s.d.j.r.query.QueryEnhancerFactory     : Hibernate is in classpath; If applicable, HQL parser will be used.
2024-12-10T20:22:28.722+03:00  WARN 12800 --- [           main] JpaBaseConfiguration$JpaWebConfiguration : spring.jpa.open-in-view is enabled by default. Therefore, database queries may be performed during view rendering. Explicitly configure spring.jpa.open-in-view to disable this warning
2024-12-10T20:22:28.769+03:00  INFO 12800 --- [           main] o.s.b.a.w.s.WelcomePageHandlerMapping    : Adding welcome page: class path resource [static/index.html]
2024-12-10T20:22:29.538+03:00  INFO 12800 --- [           main] com.shopapi.shop.ShopApplicationTests    : Started ShopApplicationTests in 11.312 seconds (process running for 13.739)
]]></system-out>
    <system-err><![CDATA[WARNING: A Java agent has been loaded dynamically (C:\Users\valya\.m2\repository\net\bytebuddy\byte-buddy-agent\1.14.19\byte-buddy-agent-1.14.19.jar)
WARNING: If a serviceability tool is in use, please run with -XX:+EnableDynamicAgentLoading to hide this warning
WARNING: If a serviceability tool is not in use, please run with -Djdk.instrument.traceUsage for more information
WARNING: Dynamic loading of agents will be disallowed by default in a future release
]]></system-err>
  </testcase>
</testsuite>